{
"contracts/mocks/MockERC20.sol":{"l":{"8":54,"12":10},"path":"/home/soumalya/aisquare_assignment/assigment02_partA_DEFI/contracts/mocks/MockERC20.sol","s":{"1":54,"2":10},"b":{},"f":{"1":54,"2":10},"fnMap":{"1":{"name":"constructor","line":7,"loc":{"start":{"line":7,"column":4},"end":{"line":9,"column":4}}},"2":{"name":"mint","line":11,"loc":{"start":{"line":11,"column":4},"end":{"line":13,"column":4}}}},"statementMap":{"1":{"start":{"line":8,"column":8},"end":{"line":8,"column":58}},"2":{"start":{"line":12,"column":8},"end":{"line":12,"column":24}}},"branchMap":{}},
"contracts/SimpleCoin.sol":{"l":{"12":0,"13":0,"17":0},"path":"/home/soumalya/aisquare_assignment/assigment02_partA_DEFI/contracts/SimpleCoin.sol","s":{"1":0,"2":0,"3":0},"b":{"1":[0,0]},"f":{"1":0,"2":0},"fnMap":{"1":{"name":"constructor","line":11,"loc":{"start":{"line":11,"column":4},"end":{"line":14,"column":4}}},"2":{"name":"mint","line":16,"loc":{"start":{"line":16,"column":4},"end":{"line":18,"column":4}}}},"statementMap":{"1":{"start":{"line":12,"column":8},"end":{"line":12,"column":49}},"2":{"start":{"line":13,"column":8},"end":{"line":13,"column":42}},"3":{"start":{"line":17,"column":8},"end":{"line":17,"column":24}}},"branchMap":{"1":{"line":16,"type":"if","locations":[{"start":{"line":16,"column":53},"end":{"line":16,"column":53}},{"start":{"line":16,"column":53},"end":{"line":16,"column":53}}]}}},
"contracts/SouSimpleLendingProtocol.sol":{"l":{"56":3,"57":3,"58":3,"64":3,"65":2,"71":1,"72":0,"76":0,"80":1,"86":1,"87":1,"89":1,"95":3,"96":2,"101":1,"105":1,"107":1,"110":1,"111":1,"114":1,"116":1,"122":4,"123":3,"129":2,"135":2,"137":2,"143":3,"144":2,"148":1,"149":1,"150":1,"152":1,"158":1,"160":1,"165":1,"171":3,"173":2,"176":2,"177":2,"179":2,"184":1,"186":1,"187":1,"189":1,"195":4,"196":3,"198":2,"202":2,"204":2,"207":1,"213":1,"214":1,"216":1,"222":1,"225":1,"226":1,"228":1,"234":0,"237":0,"238":0,"239":0,"240":0,"243":0,"248":0,"259":3,"260":3,"262":3,"272":4,"273":4,"275":4,"282":4,"284":4},"path":"/home/soumalya/aisquare_assignment/assigment02_partA_DEFI/contracts/SouSimpleLendingProtocol.sol","s":{"1":3,"2":2,"3":1,"4":0,"5":1,"6":1,"7":3,"8":2,"9":1,"10":1,"11":1,"12":1,"13":1,"14":4,"15":3,"16":2,"17":2,"18":3,"19":2,"20":1,"21":1,"22":1,"23":1,"24":1,"25":1,"26":3,"27":2,"28":2,"29":2,"30":2,"31":1,"32":1,"33":4,"34":3,"35":2,"36":2,"37":2,"38":1,"39":1,"40":1,"41":1,"42":1,"43":1,"44":0,"45":0,"46":0,"47":3,"48":3,"49":3,"50":4,"51":4,"52":4,"53":4,"54":4},"b":{"1":[2,1],"2":[1,1],"3":[0,1],"4":[1,0],"5":[3,0],"6":[2,1],"7":[1,1],"8":[1,0],"9":[1,0],"10":[3,1],"11":[2,1],"12":[2,0],"13":[3,0],"14":[2,1],"15":[1,1],"16":[1,0],"17":[1,0],"18":[3,0],"19":[2,1],"20":[1,1],"21":[1,0],"22":[3,1],"23":[2,1],"24":[1,1],"25":[1,0],"26":[1,0],"27":[0,1],"28":[0,0]},"f":{"1":3,"2":3,"3":3,"4":4,"5":3,"6":3,"7":4,"8":1,"9":3,"10":4},"fnMap":{"1":{"name":"constructor","line":51,"loc":{"start":{"line":51,"column":4},"end":{"line":59,"column":4}}},"2":{"name":"depositUSDC","line":63,"loc":{"start":{"line":63,"column":4},"end":{"line":90,"column":4}}},"3":{"name":"withdrawUSDC","line":94,"loc":{"start":{"line":94,"column":4},"end":{"line":117,"column":4}}},"4":{"name":"depositSimpleCoinAsCollateral","line":121,"loc":{"start":{"line":121,"column":4},"end":{"line":138,"column":4}}},"5":{"name":"withdrawSimpleCoin","line":142,"loc":{"start":{"line":142,"column":4},"end":{"line":166,"column":4}}},"6":{"name":"borrowUSDC","line":170,"loc":{"start":{"line":170,"column":4},"end":{"line":190,"column":4}}},"7":{"name":"repayUSDC","line":194,"loc":{"start":{"line":194,"column":4},"end":{"line":217,"column":4}}},"8":{"name":"liquidate","line":221,"loc":{"start":{"line":221,"column":4},"end":{"line":249,"column":4}}},"9":{"name":"calculateInterest","line":255,"loc":{"start":{"line":255,"column":4},"end":{"line":263,"column":4}}},"10":{"name":"getCollateralValueInUSDC","line":268,"loc":{"start":{"line":268,"column":4},"end":{"line":285,"column":4}}}},"statementMap":{"1":{"start":{"line":64,"column":8},"end":{"line":64,"column":67}},"2":{"start":{"line":65,"column":8},"end":{"line":65,"column":2896}},"3":{"start":{"line":71,"column":8},"end":{"line":71,"column":3077}},"4":{"start":{"line":72,"column":12},"end":{"line":72,"column":3140}},"5":{"start":{"line":80,"column":8},"end":{"line":80,"column":3411}},"6":{"start":{"line":89,"column":8},"end":{"line":89,"column":44}},"7":{"start":{"line":95,"column":8},"end":{"line":95,"column":68}},"8":{"start":{"line":96,"column":8},"end":{"line":96,"column":4025}},"9":{"start":{"line":101,"column":8},"end":{"line":101,"column":4155}},"10":{"start":{"line":105,"column":8},"end":{"line":105,"column":76}},"11":{"start":{"line":107,"column":8},"end":{"line":107,"column":77}},"12":{"start":{"line":114,"column":8},"end":{"line":114,"column":73}},"13":{"start":{"line":116,"column":8},"end":{"line":116,"column":45}},"14":{"start":{"line":122,"column":8},"end":{"line":122,"column":67}},"15":{"start":{"line":123,"column":8},"end":{"line":123,"column":5082}},"16":{"start":{"line":129,"column":8},"end":{"line":129,"column":5260}},"17":{"start":{"line":137,"column":8},"end":{"line":137,"column":50}},"18":{"start":{"line":143,"column":8},"end":{"line":143,"column":68}},"19":{"start":{"line":144,"column":8},"end":{"line":144,"column":5886}},"20":{"start":{"line":148,"column":8},"end":{"line":148,"column":73}},"21":{"start":{"line":149,"column":8},"end":{"line":149,"column":71}},"22":{"start":{"line":150,"column":8},"end":{"line":150,"column":6199}},"23":{"start":{"line":152,"column":8},"end":{"line":152,"column":6283}},"24":{"start":{"line":160,"column":8},"end":{"line":160,"column":6582}},"25":{"start":{"line":165,"column":8},"end":{"line":165,"column":51}},"26":{"start":{"line":171,"column":8},"end":{"line":171,"column":66}},"27":{"start":{"line":173,"column":8},"end":{"line":173,"column":7045}},"28":{"start":{"line":176,"column":8},"end":{"line":176,"column":72}},"29":{"start":{"line":177,"column":8},"end":{"line":177,"column":75}},"30":{"start":{"line":179,"column":8},"end":{"line":179,"column":7326}},"31":{"start":{"line":184,"column":8},"end":{"line":184,"column":73}},"32":{"start":{"line":189,"column":8},"end":{"line":189,"column":43}},"33":{"start":{"line":195,"column":8},"end":{"line":195,"column":65}},"34":{"start":{"line":196,"column":8},"end":{"line":196,"column":73}},"35":{"start":{"line":198,"column":8},"end":{"line":198,"column":8127}},"36":{"start":{"line":202,"column":8},"end":{"line":202,"column":72}},"37":{"start":{"line":204,"column":8},"end":{"line":204,"column":64}},"38":{"start":{"line":207,"column":8},"end":{"line":207,"column":8477}},"39":{"start":{"line":216,"column":8},"end":{"line":216,"column":42}},"40":{"start":{"line":222,"column":8},"end":{"line":222,"column":9068}},"41":{"start":{"line":225,"column":8},"end":{"line":225,"column":57}},"42":{"start":{"line":226,"column":8},"end":{"line":226,"column":75}},"43":{"start":{"line":228,"column":8},"end":{"line":228,"column":9328}},"44":{"start":{"line":234,"column":8},"end":{"line":234,"column":9528}},"45":{"start":{"line":243,"column":8},"end":{"line":243,"column":9839}},"46":{"start":{"line":248,"column":8},"end":{"line":248,"column":70}},"47":{"start":{"line":259,"column":8},"end":{"line":259,"column":57}},"48":{"start":{"line":260,"column":8},"end":{"line":260,"column":10528}},"49":{"start":{"line":262,"column":8},"end":{"line":262,"column":23}},"50":{"start":{"line":272,"column":8},"end":{"line":272,"column":74}},"51":{"start":{"line":273,"column":8},"end":{"line":273,"column":53}},"52":{"start":{"line":275,"column":8},"end":{"line":275,"column":11207}},"53":{"start":{"line":282,"column":8},"end":{"line":282,"column":44}},"54":{"start":{"line":284,"column":8},"end":{"line":284,"column":24}}},"branchMap":{"1":{"line":64,"type":"if","locations":[{"start":{"line":64,"column":8},"end":{"line":64,"column":8}},{"start":{"line":64,"column":8},"end":{"line":64,"column":8}}]},"2":{"line":65,"type":"if","locations":[{"start":{"line":65,"column":8},"end":{"line":65,"column":8}},{"start":{"line":65,"column":8},"end":{"line":65,"column":8}}]},"3":{"line":71,"type":"if","locations":[{"start":{"line":71,"column":8},"end":{"line":71,"column":8}},{"start":{"line":71,"column":8},"end":{"line":71,"column":8}}]},"4":{"line":80,"type":"if","locations":[{"start":{"line":80,"column":8},"end":{"line":80,"column":8}},{"start":{"line":80,"column":8},"end":{"line":80,"column":8}}]},"5":{"line":94,"type":"if","locations":[{"start":{"line":94,"column":51},"end":{"line":94,"column":51}},{"start":{"line":94,"column":51},"end":{"line":94,"column":51}}]},"6":{"line":95,"type":"if","locations":[{"start":{"line":95,"column":8},"end":{"line":95,"column":8}},{"start":{"line":95,"column":8},"end":{"line":95,"column":8}}]},"7":{"line":96,"type":"if","locations":[{"start":{"line":96,"column":8},"end":{"line":96,"column":8}},{"start":{"line":96,"column":8},"end":{"line":96,"column":8}}]},"8":{"line":107,"type":"if","locations":[{"start":{"line":107,"column":8},"end":{"line":107,"column":8}},{"start":{"line":107,"column":8},"end":{"line":107,"column":8}}]},"9":{"line":114,"type":"if","locations":[{"start":{"line":114,"column":8},"end":{"line":114,"column":8}},{"start":{"line":114,"column":8},"end":{"line":114,"column":8}}]},"10":{"line":122,"type":"if","locations":[{"start":{"line":122,"column":8},"end":{"line":122,"column":8}},{"start":{"line":122,"column":8},"end":{"line":122,"column":8}}]},"11":{"line":123,"type":"if","locations":[{"start":{"line":123,"column":8},"end":{"line":123,"column":8}},{"start":{"line":123,"column":8},"end":{"line":123,"column":8}}]},"12":{"line":129,"type":"if","locations":[{"start":{"line":129,"column":8},"end":{"line":129,"column":8}},{"start":{"line":129,"column":8},"end":{"line":129,"column":8}}]},"13":{"line":142,"type":"if","locations":[{"start":{"line":142,"column":57},"end":{"line":142,"column":57}},{"start":{"line":142,"column":57},"end":{"line":142,"column":57}}]},"14":{"line":143,"type":"if","locations":[{"start":{"line":143,"column":8},"end":{"line":143,"column":8}},{"start":{"line":143,"column":8},"end":{"line":143,"column":8}}]},"15":{"line":144,"type":"if","locations":[{"start":{"line":144,"column":8},"end":{"line":144,"column":8}},{"start":{"line":144,"column":8},"end":{"line":144,"column":8}}]},"16":{"line":152,"type":"if","locations":[{"start":{"line":152,"column":8},"end":{"line":152,"column":8}},{"start":{"line":152,"column":8},"end":{"line":152,"column":8}}]},"17":{"line":160,"type":"if","locations":[{"start":{"line":160,"column":8},"end":{"line":160,"column":8}},{"start":{"line":160,"column":8},"end":{"line":160,"column":8}}]},"18":{"line":170,"type":"if","locations":[{"start":{"line":170,"column":49},"end":{"line":170,"column":49}},{"start":{"line":170,"column":49},"end":{"line":170,"column":49}}]},"19":{"line":171,"type":"if","locations":[{"start":{"line":171,"column":8},"end":{"line":171,"column":8}},{"start":{"line":171,"column":8},"end":{"line":171,"column":8}}]},"20":{"line":179,"type":"if","locations":[{"start":{"line":179,"column":8},"end":{"line":179,"column":8}},{"start":{"line":179,"column":8},"end":{"line":179,"column":8}}]},"21":{"line":184,"type":"if","locations":[{"start":{"line":184,"column":8},"end":{"line":184,"column":8}},{"start":{"line":184,"column":8},"end":{"line":184,"column":8}}]},"22":{"line":195,"type":"if","locations":[{"start":{"line":195,"column":8},"end":{"line":195,"column":8}},{"start":{"line":195,"column":8},"end":{"line":195,"column":8}}]},"23":{"line":196,"type":"if","locations":[{"start":{"line":196,"column":8},"end":{"line":196,"column":8}},{"start":{"line":196,"column":8},"end":{"line":196,"column":8}}]},"24":{"line":204,"type":"if","locations":[{"start":{"line":204,"column":8},"end":{"line":204,"column":8}},{"start":{"line":204,"column":8},"end":{"line":204,"column":8}}]},"25":{"line":207,"type":"if","locations":[{"start":{"line":207,"column":8},"end":{"line":207,"column":8}},{"start":{"line":207,"column":8},"end":{"line":207,"column":8}}]},"26":{"line":221,"type":"if","locations":[{"start":{"line":221,"column":46},"end":{"line":221,"column":46}},{"start":{"line":221,"column":46},"end":{"line":221,"column":46}}]},"27":{"line":228,"type":"if","locations":[{"start":{"line":228,"column":8},"end":{"line":228,"column":8}},{"start":{"line":228,"column":8},"end":{"line":228,"column":8}}]},"28":{"line":243,"type":"if","locations":[{"start":{"line":243,"column":8},"end":{"line":243,"column":8}},{"start":{"line":243,"column":8},"end":{"line":243,"column":8}}]}}},
"contracts/SouSimpleStaking.sol":{"l":{"47":3,"48":3,"57":5,"58":4,"61":3,"62":3,"64":3,"66":3,"68":3,"69":3,"89":4,"92":3,"94":2,"97":2,"99":2,"102":1,"105":1,"109":1,"112":1,"121":11,"122":4,"125":7,"126":7,"129":7,"138":3},"path":"/home/soumalya/aisquare_assignment/assigment02_partA_DEFI/contracts/SouSimpleStaking.sol","s":{"1":5,"2":4,"3":3,"4":3,"5":3,"6":4,"7":3,"8":2,"9":2,"10":2,"11":1,"12":1,"13":11,"14":4,"15":7,"16":7,"17":7,"18":3},"b":{"1":[4,1],"2":[3,1],"3":[3,1],"4":[2,1],"5":[1,1],"6":[4,7]},"f":{"1":3,"2":5,"3":4,"4":11,"5":3},"fnMap":{"1":{"name":"constructor","line":46,"loc":{"start":{"line":46,"column":4},"end":{"line":49,"column":4}}},"2":{"name":"deposit","line":56,"loc":{"start":{"line":56,"column":4},"end":{"line":70,"column":4}}},"3":{"name":"withdraw","line":87,"loc":{"start":{"line":87,"column":4},"end":{"line":113,"column":4}}},"4":{"name":"calculateInterest","line":120,"loc":{"start":{"line":120,"column":4},"end":{"line":130,"column":4}}},"5":{"name":"getBalance","line":137,"loc":{"start":{"line":137,"column":4},"end":{"line":139,"column":4}}}},"statementMap":{"1":{"start":{"line":57,"column":8},"end":{"line":57,"column":68}},"2":{"start":{"line":58,"column":8},"end":{"line":58,"column":78}},"3":{"start":{"line":61,"column":8},"end":{"line":61,"column":61}},"4":{"start":{"line":62,"column":8},"end":{"line":62,"column":56}},"5":{"start":{"line":69,"column":8},"end":{"line":69,"column":41}},"6":{"start":{"line":89,"column":8},"end":{"line":89,"column":69}},"7":{"start":{"line":92,"column":8},"end":{"line":92,"column":70}},"8":{"start":{"line":94,"column":8},"end":{"line":94,"column":56}},"9":{"start":{"line":97,"column":8},"end":{"line":97,"column":59}},"10":{"start":{"line":99,"column":8},"end":{"line":99,"column":78}},"11":{"start":{"line":102,"column":8},"end":{"line":102,"column":42}},"12":{"start":{"line":112,"column":8},"end":{"line":112,"column":42}},"13":{"start":{"line":121,"column":8},"end":{"line":121,"column":5015}},"14":{"start":{"line":122,"column":12},"end":{"line":122,"column":20}},"15":{"start":{"line":125,"column":8},"end":{"line":125,"column":71}},"16":{"start":{"line":126,"column":8},"end":{"line":126,"column":5230}},"17":{"start":{"line":129,"column":8},"end":{"line":129,"column":23}},"18":{"start":{"line":138,"column":8},"end":{"line":138,"column":64}}},"branchMap":{"1":{"line":57,"type":"if","locations":[{"start":{"line":57,"column":8},"end":{"line":57,"column":8}},{"start":{"line":57,"column":8},"end":{"line":57,"column":8}}]},"2":{"line":58,"type":"if","locations":[{"start":{"line":58,"column":8},"end":{"line":58,"column":8}},{"start":{"line":58,"column":8},"end":{"line":58,"column":8}}]},"3":{"line":89,"type":"if","locations":[{"start":{"line":89,"column":8},"end":{"line":89,"column":8}},{"start":{"line":89,"column":8},"end":{"line":89,"column":8}}]},"4":{"line":92,"type":"if","locations":[{"start":{"line":92,"column":8},"end":{"line":92,"column":8}},{"start":{"line":92,"column":8},"end":{"line":92,"column":8}}]},"5":{"line":99,"type":"if","locations":[{"start":{"line":99,"column":8},"end":{"line":99,"column":8}},{"start":{"line":99,"column":8},"end":{"line":99,"column":8}}]},"6":{"line":121,"type":"if","locations":[{"start":{"line":121,"column":8},"end":{"line":121,"column":8}},{"start":{"line":121,"column":8},"end":{"line":121,"column":8}}]}}},
"contracts/SouSwap.sol":{"l":{"14":48,"18":13,"19":12,"20":12,"21":12,"22":12,"27":4,"28":4,"29":4,"34":4,"38":4,"43":14,"44":14,"49":14,"53":13,"54":10,"55":10,"64":24,"65":23,"66":23,"67":23,"68":23,"73":2,"74":2,"75":2,"76":2,"77":2,"78":0,"79":0,"81":2,"82":2,"83":2,"87":2,"92":2,"96":1,"97":1,"99":1,"100":1,"102":1,"103":1,"105":1,"106":1,"107":1,"112":1},"path":"/home/soumalya/aisquare_assignment/assigment02_partA_DEFI/contracts/SouSwap.sol","s":{"1":13,"2":12,"3":12,"4":4,"5":4,"6":4,"7":4,"8":4,"9":14,"10":14,"11":14,"12":13,"13":10,"14":10,"15":24,"16":23,"17":23,"18":23,"19":23,"20":2,"21":2,"22":2,"23":2,"24":2,"25":0,"26":0,"27":2,"28":2,"29":2,"30":1,"31":1,"32":1,"33":1,"34":1,"35":1,"36":1,"37":1},"b":{"1":[12,1],"2":[12,0],"3":[4,0],"4":[13,1],"5":[10,0],"6":[23,1],"7":[0,2],"8":[0,0],"9":[2,0],"10":[1,1],"11":[1,0],"12":[1,0]},"f":{"1":48,"2":13,"3":4,"4":14,"5":24,"6":2,"7":2},"fnMap":{"1":{"name":"constructor","line":13,"loc":{"start":{"line":13,"column":4},"end":{"line":15,"column":4}}},"2":{"name":"init","line":17,"loc":{"start":{"line":17,"column":4},"end":{"line":23,"column":4}}},"3":{"name":"ethToToken","line":26,"loc":{"start":{"line":26,"column":4},"end":{"line":39,"column":4}}},"4":{"name":"tokenToEth","line":42,"loc":{"start":{"line":42,"column":4},"end":{"line":56,"column":4}}},"5":{"name":"getInputPrice","line":59,"loc":{"start":{"line":59,"column":4},"end":{"line":69,"column":4}}},"6":{"name":"provideLiquidity","line":72,"loc":{"start":{"line":72,"column":4},"end":{"line":88,"column":4}}},"7":{"name":"withdrawLiquidity","line":91,"loc":{"start":{"line":91,"column":4},"end":{"line":113,"column":4}}}},"statementMap":{"1":{"start":{"line":18,"column":8},"end":{"line":18,"column":64}},"2":{"start":{"line":21,"column":8},"end":{"line":21,"column":70}},"3":{"start":{"line":22,"column":8},"end":{"line":22,"column":29}},"4":{"start":{"line":27,"column":8},"end":{"line":27,"column":59}},"5":{"start":{"line":28,"column":8},"end":{"line":28,"column":63}},"6":{"start":{"line":29,"column":8},"end":{"line":29,"column":940}},"7":{"start":{"line":34,"column":8},"end":{"line":34,"column":1071}},"8":{"start":{"line":38,"column":8},"end":{"line":38,"column":28}},"9":{"start":{"line":43,"column":8},"end":{"line":43,"column":59}},"10":{"start":{"line":44,"column":8},"end":{"line":44,"column":1381}},"11":{"start":{"line":49,"column":8},"end":{"line":49,"column":1514}},"12":{"start":{"line":53,"column":8},"end":{"line":53,"column":65}},"13":{"start":{"line":54,"column":8},"end":{"line":54,"column":46}},"14":{"start":{"line":55,"column":8},"end":{"line":55,"column":25}},"15":{"start":{"line":64,"column":8},"end":{"line":64,"column":72}},"16":{"start":{"line":65,"column":8},"end":{"line":65,"column":55}},"17":{"start":{"line":66,"column":8},"end":{"line":66,"column":63}},"18":{"start":{"line":67,"column":8},"end":{"line":67,"column":73}},"19":{"start":{"line":68,"column":8},"end":{"line":68,"column":38}},"20":{"start":{"line":73,"column":8},"end":{"line":73,"column":63}},"21":{"start":{"line":74,"column":8},"end":{"line":74,"column":62}},"22":{"start":{"line":75,"column":8},"end":{"line":75,"column":72}},"23":{"start":{"line":76,"column":8},"end":{"line":76,"column":77}},"24":{"start":{"line":77,"column":8},"end":{"line":77,"column":2762}},"25":{"start":{"line":78,"column":12},"end":{"line":78,"column":68}},"26":{"start":{"line":79,"column":12},"end":{"line":79,"column":50}},"27":{"start":{"line":83,"column":8},"end":{"line":83,"column":3054}},"28":{"start":{"line":87,"column":8},"end":{"line":87,"column":31}},"29":{"start":{"line":92,"column":8},"end":{"line":92,"column":3418}},"30":{"start":{"line":96,"column":8},"end":{"line":96,"column":51}},"31":{"start":{"line":97,"column":8},"end":{"line":97,"column":62}},"32":{"start":{"line":99,"column":8},"end":{"line":99,"column":69}},"33":{"start":{"line":100,"column":8},"end":{"line":100,"column":73}},"34":{"start":{"line":105,"column":8},"end":{"line":105,"column":65}},"35":{"start":{"line":106,"column":8},"end":{"line":106,"column":46}},"36":{"start":{"line":107,"column":8},"end":{"line":107,"column":4006}},"37":{"start":{"line":112,"column":8},"end":{"line":112,"column":41}}},"branchMap":{"1":{"line":18,"type":"if","locations":[{"start":{"line":18,"column":8},"end":{"line":18,"column":8}},{"start":{"line":18,"column":8},"end":{"line":18,"column":8}}]},"2":{"line":21,"type":"if","locations":[{"start":{"line":21,"column":8},"end":{"line":21,"column":8}},{"start":{"line":21,"column":8},"end":{"line":21,"column":8}}]},"3":{"line":34,"type":"if","locations":[{"start":{"line":34,"column":8},"end":{"line":34,"column":8}},{"start":{"line":34,"column":8},"end":{"line":34,"column":8}}]},"4":{"line":49,"type":"if","locations":[{"start":{"line":49,"column":8},"end":{"line":49,"column":8}},{"start":{"line":49,"column":8},"end":{"line":49,"column":8}}]},"5":{"line":54,"type":"if","locations":[{"start":{"line":54,"column":8},"end":{"line":54,"column":8}},{"start":{"line":54,"column":8},"end":{"line":54,"column":8}}]},"6":{"line":64,"type":"if","locations":[{"start":{"line":64,"column":8},"end":{"line":64,"column":8}},{"start":{"line":64,"column":8},"end":{"line":64,"column":8}}]},"7":{"line":77,"type":"if","locations":[{"start":{"line":77,"column":8},"end":{"line":77,"column":8}},{"start":{"line":77,"column":8},"end":{"line":77,"column":8}}]},"8":{"line":79,"type":"if","locations":[{"start":{"line":79,"column":12},"end":{"line":79,"column":12}},{"start":{"line":79,"column":12},"end":{"line":79,"column":12}}]},"9":{"line":83,"type":"if","locations":[{"start":{"line":83,"column":8},"end":{"line":83,"column":8}},{"start":{"line":83,"column":8},"end":{"line":83,"column":8}}]},"10":{"line":92,"type":"if","locations":[{"start":{"line":92,"column":8},"end":{"line":92,"column":8}},{"start":{"line":92,"column":8},"end":{"line":92,"column":8}}]},"11":{"line":106,"type":"if","locations":[{"start":{"line":106,"column":8},"end":{"line":106,"column":8}},{"start":{"line":106,"column":8},"end":{"line":106,"column":8}}]},"12":{"line":107,"type":"if","locations":[{"start":{"line":107,"column":8},"end":{"line":107,"column":8}},{"start":{"line":107,"column":8},"end":{"line":107,"column":8}}]}}}}
