TN:
SF:/home/soumalya/aisquare_assignment/assigment02_partA_DEFI/contracts/mocks/MockERC20.sol
FN:7,constructor
FN:11,mint
FNF:2
FNH:2
FNDA:54,constructor
FNDA:10,mint
DA:8,54
DA:12,10
LF:2
LH:2
BRF:0
BRH:0
end_of_record
TN:
SF:/home/soumalya/aisquare_assignment/assigment02_partA_DEFI/contracts/SimpleCoin.sol
FN:11,constructor
FN:16,mint
FNF:2
FNH:0
FNDA:0,constructor
FNDA:0,mint
DA:12,0
DA:13,0
DA:17,0
LF:3
LH:0
BRDA:16,1,0,0
BRDA:16,1,1,0
BRF:2
BRH:0
end_of_record
TN:
SF:/home/soumalya/aisquare_assignment/assigment02_partA_DEFI/contracts/SouSimpleLendingProtocol.sol
FN:51,constructor
FN:63,depositUSDC
FN:94,withdrawUSDC
FN:121,depositSimpleCoinAsCollateral
FN:142,withdrawSimpleCoin
FN:170,borrowUSDC
FN:194,repayUSDC
FN:221,liquidate
FN:255,calculateInterest
FN:268,getCollateralValueInUSDC
FNF:10
FNH:10
FNDA:3,constructor
FNDA:3,depositUSDC
FNDA:3,withdrawUSDC
FNDA:4,depositSimpleCoinAsCollateral
FNDA:3,withdrawSimpleCoin
FNDA:3,borrowUSDC
FNDA:4,repayUSDC
FNDA:1,liquidate
FNDA:3,calculateInterest
FNDA:4,getCollateralValueInUSDC
DA:56,3
DA:57,3
DA:58,3
DA:64,3
DA:65,2
DA:71,1
DA:72,0
DA:76,0
DA:80,1
DA:86,1
DA:87,1
DA:89,1
DA:95,3
DA:96,2
DA:101,1
DA:105,1
DA:107,1
DA:110,1
DA:111,1
DA:114,1
DA:116,1
DA:122,4
DA:123,3
DA:129,2
DA:135,2
DA:137,2
DA:143,3
DA:144,2
DA:148,1
DA:149,1
DA:150,1
DA:152,1
DA:158,1
DA:160,1
DA:165,1
DA:171,3
DA:173,2
DA:176,2
DA:177,2
DA:179,2
DA:184,1
DA:186,1
DA:187,1
DA:189,1
DA:195,4
DA:196,3
DA:198,2
DA:202,2
DA:204,2
DA:207,1
DA:213,1
DA:214,1
DA:216,1
DA:222,1
DA:225,1
DA:226,1
DA:228,1
DA:234,0
DA:237,0
DA:238,0
DA:239,0
DA:240,0
DA:243,0
DA:248,0
DA:259,3
DA:260,3
DA:262,3
DA:272,4
DA:273,4
DA:275,4
DA:282,4
DA:284,4
LF:72
LH:63
BRDA:64,1,0,2
BRDA:64,1,1,1
BRDA:65,2,0,1
BRDA:65,2,1,1
BRDA:71,3,0,0
BRDA:71,3,1,1
BRDA:80,4,0,1
BRDA:80,4,1,0
BRDA:94,5,0,3
BRDA:94,5,1,0
BRDA:95,6,0,2
BRDA:95,6,1,1
BRDA:96,7,0,1
BRDA:96,7,1,1
BRDA:107,8,0,1
BRDA:107,8,1,0
BRDA:114,9,0,1
BRDA:114,9,1,0
BRDA:122,10,0,3
BRDA:122,10,1,1
BRDA:123,11,0,2
BRDA:123,11,1,1
BRDA:129,12,0,2
BRDA:129,12,1,0
BRDA:142,13,0,3
BRDA:142,13,1,0
BRDA:143,14,0,2
BRDA:143,14,1,1
BRDA:144,15,0,1
BRDA:144,15,1,1
BRDA:152,16,0,1
BRDA:152,16,1,0
BRDA:160,17,0,1
BRDA:160,17,1,0
BRDA:170,18,0,3
BRDA:170,18,1,0
BRDA:171,19,0,2
BRDA:171,19,1,1
BRDA:179,20,0,1
BRDA:179,20,1,1
BRDA:184,21,0,1
BRDA:184,21,1,0
BRDA:195,22,0,3
BRDA:195,22,1,1
BRDA:196,23,0,2
BRDA:196,23,1,1
BRDA:204,24,0,1
BRDA:204,24,1,1
BRDA:207,25,0,1
BRDA:207,25,1,0
BRDA:221,26,0,1
BRDA:221,26,1,0
BRDA:228,27,0,0
BRDA:228,27,1,1
BRDA:243,28,0,0
BRDA:243,28,1,0
BRF:56
BRH:40
end_of_record
TN:
SF:/home/soumalya/aisquare_assignment/assigment02_partA_DEFI/contracts/SouSimpleStaking.sol
FN:46,constructor
FN:56,deposit
FN:87,withdraw
FN:120,calculateInterest
FN:137,getBalance
FNF:5
FNH:5
FNDA:3,constructor
FNDA:5,deposit
FNDA:4,withdraw
FNDA:11,calculateInterest
FNDA:3,getBalance
DA:47,3
DA:48,3
DA:57,5
DA:58,4
DA:61,3
DA:62,3
DA:64,3
DA:66,3
DA:68,3
DA:69,3
DA:89,4
DA:92,3
DA:94,2
DA:97,2
DA:99,2
DA:102,1
DA:105,1
DA:109,1
DA:112,1
DA:121,11
DA:122,4
DA:125,7
DA:126,7
DA:129,7
DA:138,3
LF:25
LH:25
BRDA:57,1,0,4
BRDA:57,1,1,1
BRDA:58,2,0,3
BRDA:58,2,1,1
BRDA:89,3,0,3
BRDA:89,3,1,1
BRDA:92,4,0,2
BRDA:92,4,1,1
BRDA:99,5,0,1
BRDA:99,5,1,1
BRDA:121,6,0,4
BRDA:121,6,1,7
BRF:12
BRH:12
end_of_record
TN:
SF:/home/soumalya/aisquare_assignment/assigment02_partA_DEFI/contracts/SouSwap.sol
FN:13,constructor
FN:17,init
FN:26,ethToToken
FN:42,tokenToEth
FN:59,getInputPrice
FN:72,provideLiquidity
FN:91,withdrawLiquidity
FNF:7
FNH:7
FNDA:48,constructor
FNDA:13,init
FNDA:4,ethToToken
FNDA:14,tokenToEth
FNDA:24,getInputPrice
FNDA:2,provideLiquidity
FNDA:2,withdrawLiquidity
DA:14,48
DA:18,13
DA:19,12
DA:20,12
DA:21,12
DA:22,12
DA:27,4
DA:28,4
DA:29,4
DA:34,4
DA:38,4
DA:43,14
DA:44,14
DA:49,14
DA:53,13
DA:54,10
DA:55,10
DA:64,24
DA:65,23
DA:66,23
DA:67,23
DA:68,23
DA:73,2
DA:74,2
DA:75,2
DA:76,2
DA:77,2
DA:78,0
DA:79,0
DA:81,2
DA:82,2
DA:83,2
DA:87,2
DA:92,2
DA:96,1
DA:97,1
DA:99,1
DA:100,1
DA:102,1
DA:103,1
DA:105,1
DA:106,1
DA:107,1
DA:112,1
LF:44
LH:42
BRDA:18,1,0,12
BRDA:18,1,1,1
BRDA:21,2,0,12
BRDA:21,2,1,0
BRDA:34,3,0,4
BRDA:34,3,1,0
BRDA:49,4,0,13
BRDA:49,4,1,1
BRDA:54,5,0,10
BRDA:54,5,1,0
BRDA:64,6,0,23
BRDA:64,6,1,1
BRDA:77,7,0,0
BRDA:77,7,1,2
BRDA:79,8,0,0
BRDA:79,8,1,0
BRDA:83,9,0,2
BRDA:83,9,1,0
BRDA:92,10,0,1
BRDA:92,10,1,1
BRDA:106,11,0,1
BRDA:106,11,1,0
BRDA:107,12,0,1
BRDA:107,12,1,0
BRF:24
BRH:15
end_of_record
