TN:
SF:/home/soumalya/aisquare_assignment/assignment01/contracts/contracts/SPNFT.sol
FN:32,constructor
FN:36,createAsset
FN:48,delegateAssetCreation
FN:65,destroyAsset
FN:77,_update
FN:85,_increaseBalance
FN:92,tokenURI
FN:104,supportsInterface
FNF:8
FNH:0
FNDA:0,constructor
FNDA:0,createAsset
FNDA:0,delegateAssetCreation
FNDA:0,destroyAsset
FNDA:0,_update
FNDA:0,_increaseBalance
FNDA:0,tokenURI
FNDA:0,supportsInterface
DA:33,0
DA:37,0
DA:38,0
DA:39,0
DA:40,0
DA:41,0
DA:49,0
DA:50,0
DA:51,0
DA:52,0
DA:55,0
DA:59,0
DA:61,0
DA:62,0
DA:66,0
DA:70,0
DA:71,0
DA:72,0
DA:82,0
DA:89,0
DA:95,0
DA:99,0
DA:101,0
DA:112,0
LF:24
LH:0
BRDA:48,1,0,0
BRDA:48,1,1,0
BRDA:55,2,0,0
BRDA:55,2,1,0
BRDA:66,3,0,0
BRDA:66,3,1,0
BRDA:95,4,0,0
BRDA:95,4,1,0
BRF:8
BRH:0
end_of_record
