{"contracts/SPNFT.sol":{"l":{"33":0,"37":0,"38":0,"39":0,"40":0,"41":0,"49":0,"50":0,"51":0,"52":0,"55":0,"59":0,"61":0,"62":0,"66":0,"70":0,"71":0,"72":0,"82":0,"89":0,"95":0,"99":0,"101":0,"112":0},"path":"/home/soumalya/aisquare_assignment/assignment01/contracts/contracts/SPNFT.sol","s":{"1":0,"2":0,"3":0,"4":0,"5":0,"6":0,"7":0,"8":0,"9":0,"10":0,"11":0,"12":0,"13":0,"14":0,"15":0,"16":0,"17":0,"18":0,"19":0,"20":0},"b":{"1":[0,0],"2":[0,0],"3":[0,0],"4":[0,0]},"f":{"1":0,"2":0,"3":0,"4":0,"5":0,"6":0,"7":0,"8":0},"fnMap":{"1":{"name":"constructor","line":32,"loc":{"start":{"line":32,"column":4},"end":{"line":34,"column":4}}},"2":{"name":"createAsset","line":36,"loc":{"start":{"line":36,"column":4},"end":{"line":42,"column":4}}},"3":{"name":"delegateAssetCreation","line":48,"loc":{"start":{"line":44,"column":4},"end":{"line":63,"column":4}}},"4":{"name":"destroyAsset","line":65,"loc":{"start":{"line":65,"column":4},"end":{"line":73,"column":4}}},"5":{"name":"_update","line":77,"loc":{"start":{"line":77,"column":4},"end":{"line":83,"column":4}}},"6":{"name":"_increaseBalance","line":85,"loc":{"start":{"line":85,"column":4},"end":{"line":90,"column":4}}},"7":{"name":"tokenURI","line":92,"loc":{"start":{"line":92,"column":4},"end":{"line":102,"column":4}}},"8":{"name":"supportsInterface","line":104,"loc":{"start":{"line":104,"column":4},"end":{"line":113,"column":4}}}},"statementMap":{"1":{"start":{"line":33,"column":8},"end":{"line":33,"column":51}},"2":{"start":{"line":38,"column":8},"end":{"line":38,"column":38}},"3":{"start":{"line":39,"column":8},"end":{"line":39,"column":39}},"4":{"start":{"line":41,"column":8},"end":{"line":41,"column":58}},"5":{"start":{"line":50,"column":8},"end":{"line":50,"column":38}},"6":{"start":{"line":51,"column":8},"end":{"line":51,"column":34}},"7":{"start":{"line":55,"column":8},"end":{"line":55,"column":1788}},"8":{"start":{"line":59,"column":8},"end":{"line":59,"column":67}},"9":{"start":{"line":61,"column":8},"end":{"line":61,"column":61}},"10":{"start":{"line":62,"column":8},"end":{"line":62,"column":22}},"11":{"start":{"line":66,"column":8},"end":{"line":66,"column":2131}},"12":{"start":{"line":70,"column":8},"end":{"line":70,"column":21}},"13":{"start":{"line":71,"column":8},"end":{"line":71,"column":55}},"14":{"start":{"line":72,"column":8},"end":{"line":72,"column":34}},"15":{"start":{"line":82,"column":8},"end":{"line":82,"column":47}},"16":{"start":{"line":89,"column":8},"end":{"line":89,"column":45}},"17":{"start":{"line":95,"column":8},"end":{"line":95,"column":2987}},"18":{"start":{"line":99,"column":8},"end":{"line":99,"column":53}},"19":{"start":{"line":101,"column":8},"end":{"line":101,"column":24}},"20":{"start":{"line":112,"column":8},"end":{"line":112,"column":51}}},"branchMap":{"1":{"line":48,"type":"if","locations":[{"start":{"line":48,"column":13},"end":{"line":48,"column":13}},{"start":{"line":48,"column":13},"end":{"line":48,"column":13}}]},"2":{"line":55,"type":"if","locations":[{"start":{"line":55,"column":8},"end":{"line":55,"column":8}},{"start":{"line":55,"column":8},"end":{"line":55,"column":8}}]},"3":{"line":66,"type":"if","locations":[{"start":{"line":66,"column":8},"end":{"line":66,"column":8}},{"start":{"line":66,"column":8},"end":{"line":66,"column":8}}]},"4":{"line":95,"type":"if","locations":[{"start":{"line":95,"column":8},"end":{"line":95,"column":8}},{"start":{"line":95,"column":8},"end":{"line":95,"column":8}}]}}}}